Using pre-set license
Built from '2020.3/staging' branch; Version is '2020.3.26f1 (7298b473bc1a) revision 7510196'; Using compiler version '192528614'; Build Type 'Release'
OS: 'Windows 10  (10.0.19043) 64bit Professional' Language: 'ru' Physical Memory: 16332 MB
BatchMode: 1, IsHumanControllingUs: 0, StartBugReporterOnCrash: 0, Is64bit: 1, IsPro: 0

COMMAND LINE ARGUMENTS:
C:\Program Files\Unity\Hub\Editor\2020.3.26f1\Editor\Unity.exe
-adb2
-batchMode
-noUpm
-name
AssetImportWorker0
-projectPath
F:/snake1
-logFile
Logs/AssetImportWorker0.log
-srvPort
62055
Successfully changed project path to: F:/snake1
F:/snake1
Using Asset Import Pipeline V2.
Refreshing native plugins compatible for Editor in 54.97 ms, found 2 plugins.
Preloading 0 native plugins for Editor in 0.00 ms.
Initialize engine version: 2020.3.26f1 (7298b473bc1a)
[Subsystems] Discovering subsystems at path C:/Program Files/Unity/Hub/Editor/2020.3.26f1/Editor/Data/Resources/UnitySubsystems
[Subsystems] Discovering subsystems at path F:/snake1/Assets
GfxDevice: creating device client; threaded=0
Direct3D:
    Version:  Direct3D 11.0 [level 11.1]
    Renderer: NVIDIA GeForce GTX 1650 (ID=0x1f82)
    Vendor:   
    VRAM:     3962 MB
    Driver:   30.0.15.1123
Initialize mono
Mono path[0] = 'C:/Program Files/Unity/Hub/Editor/2020.3.26f1/Editor/Data/Managed'
Mono path[1] = 'C:/Program Files/Unity/Hub/Editor/2020.3.26f1/Editor/Data/MonoBleedingEdge/lib/mono/unityjit'
Mono config path = 'C:/Program Files/Unity/Hub/Editor/2020.3.26f1/Editor/Data/MonoBleedingEdge/etc'
Using monoOptions --debugger-agent=transport=dt_socket,embedding=1,server=y,suspend=n,address=127.0.0.1:56560
Begin MonoManager ReloadAssembly
Registering precompiled unity dll's ...
Register platform support module: C:/Program Files/Unity/Hub/Editor/2020.3.26f1/Editor/Data/PlaybackEngines/WindowsStandaloneSupport/UnityEditor.WindowsStandalone.Extensions.dll
Registered in 0.003804 seconds.
Native extension for WindowsStandalone target not found
Refreshing native plugins compatible for Editor in 57.43 ms, found 2 plugins.
Preloading 0 native plugins for Editor in 0.00 ms.
Mono: successfully reloaded assembly
- Completed reload, in  0.758 seconds
Domain Reload Profiling:
	ReloadAssembly (759ms)
		BeginReloadAssembly (70ms)
			ExecutionOrderSort (0ms)
			DisableScriptedObjects (0ms)
			BackupInstance (0ms)
			ReleaseScriptingObjects (0ms)
			CreateAndSetChildDomain (1ms)
		EndReloadAssembly (586ms)
			LoadAssemblies (67ms)
			RebuildTransferFunctionScriptingTraits (0ms)
			SetupTypeCache (187ms)
			ReleaseScriptCaches (0ms)
			RebuildScriptCaches (47ms)
			SetupLoadedEditorAssemblies (228ms)
				LogAssemblyErrors (0ms)
				InitializePlatformSupportModulesInManaged (6ms)
				SetLoadedEditorAssemblies (0ms)
				RefreshPlugins (58ms)
				BeforeProcessingInitializeOnLoad (19ms)
				ProcessInitializeOnLoadAttributes (109ms)
				ProcessInitializeOnLoadMethodAttributes (36ms)
				AfterProcessingInitializeOnLoad (0ms)
				EditorAssembliesLoaded (0ms)
			ExecutionOrderSort2 (0ms)
			AwakeInstancesAfterBackupRestoration (0ms)
Platform modules already initialized, skipping
Registering precompiled user dll's ...
Registered in 0.004002 seconds.
Begin MonoManager ReloadAssembly
Native extension for WindowsStandalone target not found
Refreshing native plugins compatible for Editor in 0.57 ms, found 2 plugins.
Preloading 0 native plugins for Editor in 0.00 ms.
Mono: successfully reloaded assembly
- Completed reload, in  1.286 seconds
Domain Reload Profiling:
	ReloadAssembly (1287ms)
		BeginReloadAssembly (183ms)
			ExecutionOrderSort (0ms)
			DisableScriptedObjects (7ms)
			BackupInstance (0ms)
			ReleaseScriptingObjects (0ms)
			CreateAndSetChildDomain (23ms)
		EndReloadAssembly (1022ms)
			LoadAssemblies (104ms)
			RebuildTransferFunctionScriptingTraits (0ms)
			SetupTypeCache (336ms)
			ReleaseScriptCaches (0ms)
			RebuildScriptCaches (68ms)
			SetupLoadedEditorAssemblies (400ms)
				LogAssemblyErrors (0ms)
				InitializePlatformSupportModulesInManaged (6ms)
				SetLoadedEditorAssemblies (1ms)
				RefreshPlugins (1ms)
				BeforeProcessingInitializeOnLoad (103ms)
				ProcessInitializeOnLoadAttributes (268ms)
				ProcessInitializeOnLoadMethodAttributes (11ms)
				AfterProcessingInitializeOnLoad (10ms)
				EditorAssembliesLoaded (0ms)
			ExecutionOrderSort2 (0ms)
			AwakeInstancesAfterBackupRestoration (9ms)
Platform modules already initialized, skipping
========================================================================
Worker process is ready to serve import requests
Launched and connected shader compiler UnityShaderCompiler.exe after 0.07 seconds
Refreshing native plugins compatible for Editor in 0.99 ms, found 2 plugins.
Preloading 0 native plugins for Editor in 0.00 ms.
Unloading 1666 Unused Serialized files (Serialized files now loaded: 0)
System memory in use before: 79.0 MB.
System memory in use after: 79.0 MB.

Unloading 19 unused Assets to reduce memory usage. Loaded Objects now: 2099.
Total: 4.199700 ms (FindLiveObjects: 0.263600 ms CreateObjectMapping: 0.066100 ms MarkObjects: 3.782700 ms  DeleteObjects: 0.085100 ms)

AssetImportParameters requested are different than current active one (requested -> active):
  custom:framework-win-MediaFoundation: 216162199b28c13a410421893ffa2e32 -> 
  custom:video-decoder-ogg-theora: a1e56fd34408186e4bbccfd4996cb3dc -> 
  custom:container-muxer-webm: aa71ff27fc2769a1b78a27578f13a17b -> 
  custom:container-demuxer-webm: 4f35f7cbe854078d1ac9338744f61a02 -> 
  custom:container-demuxer-ogg: 62fdf1f143b41e24485cea50d1cbac27 -> 
  custom:video-encoder-webm-vp8: eb34c28f22e8b96e1ab97ce403110664 -> 
  custom:video-decoder-webm-vp8: 9c59270c3fd7afecdb556c50c9e8de78 -> 
  custom:audio-decoder-ogg-vorbis: bf7c407c2cedff20999df2af8eb42d56 -> 
  custom:audio-encoder-webm-vorbis: bf7c407c2cedff20999df2af8eb42d56 -> 
========================================================================
Received Import Request.
  path: Assets/Materials/New Material 5.mat
  artifactKey: Guid(67dc9bc5018a3804b83bacbf5b8242ac) Importer(815301076,1909f56bfc062723c751e8b465ee728b)
Start importing Assets/Materials/New Material 5.mat using Guid(67dc9bc5018a3804b83bacbf5b8242ac) Importer(815301076,1909f56bfc062723c751e8b465ee728b)  -> (artifact id: 'a2b78b326cb40d29b85e2b0fd522c02c') in 0.189937 seconds 
  Import took 0.213482 seconds .

========================================================================
Received Import Request.
  Time since last request: 0.000246 seconds.
  path: Assets/Materials/New Material 4.mat
  artifactKey: Guid(b5b78c2c9d19efc4fb38582fa6cf7182) Importer(815301076,1909f56bfc062723c751e8b465ee728b)
Start importing Assets/Materials/New Material 4.mat using Guid(b5b78c2c9d19efc4fb38582fa6cf7182) Importer(815301076,1909f56bfc062723c751e8b465ee728b)  -> (artifact id: 'cd070ee8adfbc2839bc5c21819fd8dfa') in 0.029169 seconds 
  Import took 0.032822 seconds .

========================================================================
Received Import Request.
  Time since last request: 0.000243 seconds.
  path: Assets/Materials
  artifactKey: Guid(0a86d33594fa10a419766433b3f11b79) Importer(815301076,1909f56bfc062723c751e8b465ee728b)
Start importing Assets/Materials using Guid(0a86d33594fa10a419766433b3f11b79) Importer(815301076,1909f56bfc062723c751e8b465ee728b)  -> (artifact id: 'ee84024022d79120f4f59bfc5a6cd7e3') in 0.014440 seconds 
  Import took 0.017200 seconds .

========================================================================
Received Import Request.
  Time since last request: 0.000237 seconds.
  path: Assets/Materials/New Material 2.mat
  artifactKey: Guid(56a38a00e6c85c74ba6ababe48e8c2cd) Importer(815301076,1909f56bfc062723c751e8b465ee728b)
Start importing Assets/Materials/New Material 2.mat using Guid(56a38a00e6c85c74ba6ababe48e8c2cd) Importer(815301076,1909f56bfc062723c751e8b465ee728b)  -> (artifact id: '0a481dffc6a7027f67e1e837e828ae48') in 0.034556 seconds 
  Import took 0.037893 seconds .

========================================================================
Received Import Request.
  Time since last request: 0.000323 seconds.
  path: Assets/Materials/New Material 3.mat
  artifactKey: Guid(b0a9ba1e6adce3e41aa24bb4c1c396da) Importer(815301076,1909f56bfc062723c751e8b465ee728b)
Start importing Assets/Materials/New Material 3.mat using Guid(b0a9ba1e6adce3e41aa24bb4c1c396da) Importer(815301076,1909f56bfc062723c751e8b465ee728b)  -> (artifact id: 'f8ac1f4f286cb112b8e61be5cb4bc76e') in 0.019104 seconds 
  Import took 0.022221 seconds .

========================================================================
Received Import Request.
  Time since last request: 7.091118 seconds.
  path: Assets/Materials/New Material 6.mat
  artifactKey: Guid(21dcd78be2b0d7d41b8b557894c57d37) Importer(815301076,1909f56bfc062723c751e8b465ee728b)
Start importing Assets/Materials/New Material 6.mat using Guid(21dcd78be2b0d7d41b8b557894c57d37) Importer(815301076,1909f56bfc062723c751e8b465ee728b)  -> (artifact id: '34030e1811a6d2ef01ecc72ce995f4b2') in 0.011850 seconds 
  Import took 0.014722 seconds .

========================================================================
Received Import Request.
  Time since last request: 17946.755933 seconds.
  path: Assets/Models/Golova_zmei.fbx
  artifactKey: Guid(7560062806b52e54dbb05726fa51100c) Importer(815301076,1909f56bfc062723c751e8b465ee728b)
Start importing Assets/Models/Golova_zmei.fbx using Guid(7560062806b52e54dbb05726fa51100c) Importer(815301076,1909f56bfc062723c751e8b465ee728b)  -> (artifact id: 'fba4626daafefc2524b2cd1a51c00272') in 0.256621 seconds 
  Import took 0.349340 seconds .

========================================================================
Received Import Request.
  Time since last request: 0.000397 seconds.
  path: Assets/Models/telo_zme.fbx
  artifactKey: Guid(231572042117f714e839897e56c56edb) Importer(815301076,1909f56bfc062723c751e8b465ee728b)
Start importing Assets/Models/telo_zme.fbx using Guid(231572042117f714e839897e56c56edb) Importer(815301076,1909f56bfc062723c751e8b465ee728b)  -> (artifact id: 'ca31d8bceb1e0ad348a8ec5f23aa2971') in 0.035785 seconds 
  Import took 0.111983 seconds .

========================================================================
Received Import Request.
  Time since last request: 32.736710 seconds.
  path: Assets/Models/head_zmea.prefab
  artifactKey: Guid(d2cc5430a6334c84ab661cebcac8d771) Importer(815301076,1909f56bfc062723c751e8b465ee728b)
Start importing Assets/Models/head_zmea.prefab using Guid(d2cc5430a6334c84ab661cebcac8d771) Importer(815301076,1909f56bfc062723c751e8b465ee728b)  -> (artifact id: '13c1eee1306b37887032669ee5b2ae5b') in 0.024978 seconds 
  Import took 0.036312 seconds .

========================================================================
Received Import Request.
  Time since last request: 19.630229 seconds.
  path: Assets/Models/head_zmea.prefab
  artifactKey: Guid(d2cc5430a6334c84ab661cebcac8d771) Importer(815301076,1909f56bfc062723c751e8b465ee728b)
Start importing Assets/Models/head_zmea.prefab using Guid(d2cc5430a6334c84ab661cebcac8d771) Importer(815301076,1909f56bfc062723c751e8b465ee728b)  -> (artifact id: '225db0742083017373f20c041238f1cc') in 0.009078 seconds 
  Import took 0.020563 seconds .

========================================================================
Received Import Request.
  Time since last request: 0.384222 seconds.
  path: Assets/Models/head_zmea.prefab
  artifactKey: Guid(d2cc5430a6334c84ab661cebcac8d771) Importer(815301076,1909f56bfc062723c751e8b465ee728b)
Start importing Assets/Models/head_zmea.prefab using Guid(d2cc5430a6334c84ab661cebcac8d771) Importer(815301076,1909f56bfc062723c751e8b465ee728b)  -> (artifact id: 'f597e6be38593810076ffdde04abb4e9') in 0.015848 seconds 
  Import took 0.019203 seconds .

========================================================================
Received Import Request.
  Time since last request: 1.790353 seconds.
  path: Assets/Models/head_zmea.prefab
  artifactKey: Guid(d2cc5430a6334c84ab661cebcac8d771) Importer(815301076,1909f56bfc062723c751e8b465ee728b)
Start importing Assets/Models/head_zmea.prefab using Guid(d2cc5430a6334c84ab661cebcac8d771) Importer(815301076,1909f56bfc062723c751e8b465ee728b)  -> (artifact id: '05ffb75c96522a2de51bffb2b04365d8') in 0.008552 seconds 
  Import took 0.014734 seconds .

========================================================================
Received Import Request.
  Time since last request: 12.995305 seconds.
  path: Assets/Models/head_zmea.prefab
  artifactKey: Guid(d2cc5430a6334c84ab661cebcac8d771) Importer(815301076,1909f56bfc062723c751e8b465ee728b)
Start importing Assets/Models/head_zmea.prefab using Guid(d2cc5430a6334c84ab661cebcac8d771) Importer(815301076,1909f56bfc062723c751e8b465ee728b)  -> (artifact id: 'a458f27247cd6f7292d9a4847bad8c7a') in 0.007663 seconds 
  Import took 0.059730 seconds .

========================================================================
Received Import Request.
  Time since last request: 23.028427 seconds.
  path: Assets/Models/head_zmea.prefab
  artifactKey: Guid(d2cc5430a6334c84ab661cebcac8d771) Importer(815301076,1909f56bfc062723c751e8b465ee728b)
Start importing Assets/Models/head_zmea.prefab using Guid(d2cc5430a6334c84ab661cebcac8d771) Importer(815301076,1909f56bfc062723c751e8b465ee728b)  -> (artifact id: 'e727965aeeb1e535cc0a5571bafb767c') in 0.010674 seconds 
  Import took 0.027811 seconds .

========================================================================
Received Import Request.
  Time since last request: 4.313181 seconds.
  path: Assets/Models/head_zmea.prefab
  artifactKey: Guid(d2cc5430a6334c84ab661cebcac8d771) Importer(815301076,1909f56bfc062723c751e8b465ee728b)
Start importing Assets/Models/head_zmea.prefab using Guid(d2cc5430a6334c84ab661cebcac8d771) Importer(815301076,1909f56bfc062723c751e8b465ee728b)  -> (artifact id: '1424be31d066f4aa4c87215e4b4f6e12') in 0.011664 seconds 
  Import took 0.014755 seconds .

========================================================================
Received Import Request.
  Time since last request: 5.408567 seconds.
  path: Assets/Models/head_zmea.prefab
  artifactKey: Guid(d2cc5430a6334c84ab661cebcac8d771) Importer(815301076,1909f56bfc062723c751e8b465ee728b)
Start importing Assets/Models/head_zmea.prefab using Guid(d2cc5430a6334c84ab661cebcac8d771) Importer(815301076,1909f56bfc062723c751e8b465ee728b)  -> (artifact id: '7c4c6e5bcbd808fb92eed72fec0b6b01') in 0.012067 seconds 
  Import took 0.036130 seconds .

========================================================================
Received Import Request.
  Time since last request: 22.721531 seconds.
  path: Assets/Models/head_zmea.prefab
  artifactKey: Guid(d2cc5430a6334c84ab661cebcac8d771) Importer(815301076,1909f56bfc062723c751e8b465ee728b)
Start importing Assets/Models/head_zmea.prefab using Guid(d2cc5430a6334c84ab661cebcac8d771) Importer(815301076,1909f56bfc062723c751e8b465ee728b)  -> (artifact id: '570b87a2c2730a8b10303ec96c17e425') in 0.012324 seconds 
  Import took 0.022638 seconds .

========================================================================
Received Prepare
Registering precompiled user dll's ...
Registered in 0.003815 seconds.
Begin MonoManager ReloadAssembly
Native extension for WindowsStandalone target not found
Refreshing native plugins compatible for Editor in 0.62 ms, found 2 plugins.
Preloading 0 native plugins for Editor in 0.00 ms.
Mono: successfully reloaded assembly
- Completed reload, in  1.301 seconds
Domain Reload Profiling:
	ReloadAssembly (1302ms)
		BeginReloadAssembly (182ms)
			ExecutionOrderSort (0ms)
			DisableScriptedObjects (8ms)
			BackupInstance (0ms)
			ReleaseScriptingObjects (0ms)
			CreateAndSetChildDomain (78ms)
		EndReloadAssembly (1038ms)
			LoadAssemblies (118ms)
			RebuildTransferFunctionScriptingTraits (0ms)
			SetupTypeCache (351ms)
			ReleaseScriptCaches (1ms)
			RebuildScriptCaches (60ms)
			SetupLoadedEditorAssemblies (387ms)
				LogAssemblyErrors (0ms)
				InitializePlatformSupportModulesInManaged (6ms)
				SetLoadedEditorAssemblies (1ms)
				RefreshPlugins (1ms)
				BeforeProcessingInitializeOnLoad (96ms)
				ProcessInitializeOnLoadAttributes (262ms)
				ProcessInitializeOnLoadMethodAttributes (11ms)
				AfterProcessingInitializeOnLoad (10ms)
				EditorAssembliesLoaded (0ms)
			ExecutionOrderSort2 (0ms)
			AwakeInstancesAfterBackupRestoration (9ms)
Platform modules already initialized, skipping
Refreshing native plugins compatible for Editor in 0.77 ms, found 2 plugins.
Preloading 0 native plugins for Editor in 0.00 ms.
Unloading 1632 Unused Serialized files (Serialized files now loaded: 0)
System memory in use before: 79.5 MB.
System memory in use after: 79.6 MB.

Unloading 14 unused Assets to reduce memory usage. Loaded Objects now: 2144.
Total: 4.206400 ms (FindLiveObjects: 0.238700 ms CreateObjectMapping: 0.058000 ms MarkObjects: 3.873200 ms  DeleteObjects: 0.034000 ms)

AssetImportParameters requested are different than current active one (requested -> active):
  custom:framework-win-MediaFoundation: 216162199b28c13a410421893ffa2e32 -> 
  custom:video-decoder-ogg-theora: a1e56fd34408186e4bbccfd4996cb3dc -> 
  custom:container-muxer-webm: aa71ff27fc2769a1b78a27578f13a17b -> 
  custom:container-demuxer-webm: 4f35f7cbe854078d1ac9338744f61a02 -> 
  custom:container-demuxer-ogg: 62fdf1f143b41e24485cea50d1cbac27 -> 
  custom:video-encoder-webm-vp8: eb34c28f22e8b96e1ab97ce403110664 -> 
  custom:video-decoder-webm-vp8: 9c59270c3fd7afecdb556c50c9e8de78 -> 
  custom:audio-decoder-ogg-vorbis: bf7c407c2cedff20999df2af8eb42d56 -> 
  custom:audio-encoder-webm-vorbis: bf7c407c2cedff20999df2af8eb42d56 -> 
========================================================================
Received Prepare
Registering precompiled user dll's ...
Registered in 0.004437 seconds.
Begin MonoManager ReloadAssembly
Native extension for WindowsStandalone target not found
Refreshing native plugins compatible for Editor in 0.56 ms, found 2 plugins.
Preloading 0 native plugins for Editor in 0.00 ms.
Mono: successfully reloaded assembly
- Completed reload, in  1.258 seconds
Domain Reload Profiling:
	ReloadAssembly (1259ms)
		BeginReloadAssembly (141ms)
			ExecutionOrderSort (0ms)
			DisableScriptedObjects (6ms)
			BackupInstance (0ms)
			ReleaseScriptingObjects (0ms)
			CreateAndSetChildDomain (39ms)
		EndReloadAssembly (1031ms)
			LoadAssemblies (102ms)
			RebuildTransferFunctionScriptingTraits (0ms)
			SetupTypeCache (347ms)
			ReleaseScriptCaches (1ms)
			RebuildScriptCaches (60ms)
			SetupLoadedEditorAssemblies (395ms)
				LogAssemblyErrors (0ms)
				InitializePlatformSupportModulesInManaged (6ms)
				SetLoadedEditorAssemblies (1ms)
				RefreshPlugins (1ms)
				BeforeProcessingInitializeOnLoad (100ms)
				ProcessInitializeOnLoadAttributes (264ms)
				ProcessInitializeOnLoadMethodAttributes (13ms)
				AfterProcessingInitializeOnLoad (10ms)
				EditorAssembliesLoaded (1ms)
			ExecutionOrderSort2 (0ms)
			AwakeInstancesAfterBackupRestoration (9ms)
Platform modules already initialized, skipping
Refreshing native plugins compatible for Editor in 0.98 ms, found 2 plugins.
Preloading 0 native plugins for Editor in 0.00 ms.
Unloading 1632 Unused Serialized files (Serialized files now loaded: 0)
System memory in use before: 79.5 MB.
System memory in use after: 79.6 MB.

Unloading 14 unused Assets to reduce memory usage. Loaded Objects now: 2146.
Total: 4.852900 ms (FindLiveObjects: 0.260000 ms CreateObjectMapping: 0.073800 ms MarkObjects: 4.487500 ms  DeleteObjects: 0.029800 ms)

AssetImportParameters requested are different than current active one (requested -> active):
  custom:framework-win-MediaFoundation: 216162199b28c13a410421893ffa2e32 -> 
  custom:video-decoder-ogg-theora: a1e56fd34408186e4bbccfd4996cb3dc -> 
  custom:container-muxer-webm: aa71ff27fc2769a1b78a27578f13a17b -> 
  custom:container-demuxer-webm: 4f35f7cbe854078d1ac9338744f61a02 -> 
  custom:container-demuxer-ogg: 62fdf1f143b41e24485cea50d1cbac27 -> 
  custom:video-encoder-webm-vp8: eb34c28f22e8b96e1ab97ce403110664 -> 
  custom:video-decoder-webm-vp8: 9c59270c3fd7afecdb556c50c9e8de78 -> 
  custom:audio-decoder-ogg-vorbis: bf7c407c2cedff20999df2af8eb42d56 -> 
  custom:audio-encoder-webm-vorbis: bf7c407c2cedff20999df2af8eb42d56 -> 
========================================================================
Received Import Request.
  Time since last request: 253.840923 seconds.
  path: Assets/Models/head_zmea.prefab
  artifactKey: Guid(d2cc5430a6334c84ab661cebcac8d771) Importer(815301076,1909f56bfc062723c751e8b465ee728b)
Start importing Assets/Models/head_zmea.prefab using Guid(d2cc5430a6334c84ab661cebcac8d771) Importer(815301076,1909f56bfc062723c751e8b465ee728b)  -> (artifact id: 'bd13f27b20e1157b48ec63859edf5787') in 0.119678 seconds 
  Import took 0.139364 seconds .

========================================================================
Received Import Request.
  Time since last request: 34.850291 seconds.
  path: Assets/Models/body_snake.prefab
  artifactKey: Guid(196b4dbe2cf889940b8611b327a01c1f) Importer(815301076,1909f56bfc062723c751e8b465ee728b)
Start importing Assets/Models/body_snake.prefab using Guid(196b4dbe2cf889940b8611b327a01c1f) Importer(815301076,1909f56bfc062723c751e8b465ee728b)  -> (artifact id: '34c840b622ba0bfedbd53d7124fabaa9') in 0.014315 seconds 
  Import took 0.032477 seconds .

========================================================================
Received Import Request.
  Time since last request: 14.264459 seconds.
  path: Assets/Models/body_snake.prefab
  artifactKey: Guid(196b4dbe2cf889940b8611b327a01c1f) Importer(815301076,1909f56bfc062723c751e8b465ee728b)
Start importing Assets/Models/body_snake.prefab using Guid(196b4dbe2cf889940b8611b327a01c1f) Importer(815301076,1909f56bfc062723c751e8b465ee728b)  -> (artifact id: 'c3bbb989dd189b250b35bc46a1c9f7a1') in 0.008928 seconds 
  Import took 0.012127 seconds .

========================================================================
Received Import Request.
  Time since last request: 1.608440 seconds.
  path: Assets/Models/body_snake.prefab
  artifactKey: Guid(196b4dbe2cf889940b8611b327a01c1f) Importer(815301076,1909f56bfc062723c751e8b465ee728b)
Start importing Assets/Models/body_snake.prefab using Guid(196b4dbe2cf889940b8611b327a01c1f) Importer(815301076,1909f56bfc062723c751e8b465ee728b)  -> (artifact id: 'fcf6752f2988efe3df226a7baa6aa2ac') in 0.008698 seconds 
  Import took 0.029433 seconds .

========================================================================
Received Import Request.
  Time since last request: 3.653094 seconds.
  path: Assets/Models/body_snake.prefab
  artifactKey: Guid(196b4dbe2cf889940b8611b327a01c1f) Importer(815301076,1909f56bfc062723c751e8b465ee728b)
Start importing Assets/Models/body_snake.prefab using Guid(196b4dbe2cf889940b8611b327a01c1f) Importer(815301076,1909f56bfc062723c751e8b465ee728b)  -> (artifact id: '7380b0699ea29db926a05971a82e25ae') in 0.009459 seconds 
  Import took 0.017027 seconds .

========================================================================
Received Import Request.
  Time since last request: 3.402645 seconds.
  path: Assets/Models/body_snake.prefab
  artifactKey: Guid(196b4dbe2cf889940b8611b327a01c1f) Importer(815301076,1909f56bfc062723c751e8b465ee728b)
Start importing Assets/Models/body_snake.prefab using Guid(196b4dbe2cf889940b8611b327a01c1f) Importer(815301076,1909f56bfc062723c751e8b465ee728b)  -> (artifact id: 'e9388c2a45db3f10e0a811a6d5bf7f25') in 0.011189 seconds 
  Import took 0.014136 seconds .

========================================================================
Received Import Request.
  Time since last request: 5.218447 seconds.
  path: Assets/Models/body_snake.prefab
  artifactKey: Guid(196b4dbe2cf889940b8611b327a01c1f) Importer(815301076,1909f56bfc062723c751e8b465ee728b)
Start importing Assets/Models/body_snake.prefab using Guid(196b4dbe2cf889940b8611b327a01c1f) Importer(815301076,1909f56bfc062723c751e8b465ee728b)  -> (artifact id: '847b28bab2eebd82f522746f6004e5ac') in 0.013884 seconds 
  Import took 0.017152 seconds .

========================================================================
Received Import Request.
  Time since last request: 1.586835 seconds.
  path: Assets/Models/body_snake.prefab
  artifactKey: Guid(196b4dbe2cf889940b8611b327a01c1f) Importer(815301076,1909f56bfc062723c751e8b465ee728b)
Start importing Assets/Models/body_snake.prefab using Guid(196b4dbe2cf889940b8611b327a01c1f) Importer(815301076,1909f56bfc062723c751e8b465ee728b)  -> (artifact id: '1049d6da5c93fe6b796766992460c0b1') in 0.013651 seconds 
  Import took 0.039810 seconds .

========================================================================
Received Import Request.
  Time since last request: 2.225627 seconds.
  path: Assets/Models/body_snake.prefab
  artifactKey: Guid(196b4dbe2cf889940b8611b327a01c1f) Importer(815301076,1909f56bfc062723c751e8b465ee728b)
Start importing Assets/Models/body_snake.prefab using Guid(196b4dbe2cf889940b8611b327a01c1f) Importer(815301076,1909f56bfc062723c751e8b465ee728b)  -> (artifact id: 'd458b315a9dc36307f9db248d0068654') in 0.009405 seconds 
  Import took 0.040752 seconds .

========================================================================
Received Import Request.
  Time since last request: 316.534573 seconds.
  path: Assets/Models/body_snake.prefab
  artifactKey: Guid(196b4dbe2cf889940b8611b327a01c1f) Importer(815301076,1909f56bfc062723c751e8b465ee728b)
Start importing Assets/Models/body_snake.prefab using Guid(196b4dbe2cf889940b8611b327a01c1f) Importer(815301076,1909f56bfc062723c751e8b465ee728b)  -> (artifact id: '5dd7afa42c198d14902420cbb1466da7') in 0.012562 seconds 
  Import took 0.038964 seconds .

========================================================================
Received Prepare
Registering precompiled user dll's ...
Registered in 0.003576 seconds.
Begin MonoManager ReloadAssembly
Native extension for WindowsStandalone target not found
Refreshing native plugins compatible for Editor in 0.52 ms, found 2 plugins.
Preloading 0 native plugins for Editor in 0.00 ms.
Mono: successfully reloaded assembly
- Completed reload, in  1.183 seconds
Domain Reload Profiling:
	ReloadAssembly (1184ms)
		BeginReloadAssembly (123ms)
			ExecutionOrderSort (0ms)
			DisableScriptedObjects (7ms)
			BackupInstance (0ms)
			ReleaseScriptingObjects (0ms)
			CreateAndSetChildDomain (36ms)
		EndReloadAssembly (981ms)
			LoadAssemblies (101ms)
			RebuildTransferFunctionScriptingTraits (0ms)
			SetupTypeCache (323ms)
			ReleaseScriptCaches (1ms)
			RebuildScriptCaches (60ms)
			SetupLoadedEditorAssemblies (378ms)
				LogAssemblyErrors (0ms)
				InitializePlatformSupportModulesInManaged (6ms)
				SetLoadedEditorAssemblies (1ms)
				RefreshPlugins (1ms)
				BeforeProcessingInitializeOnLoad (100ms)
				ProcessInitializeOnLoadAttributes (250ms)
				ProcessInitializeOnLoadMethodAttributes (11ms)
				AfterProcessingInitializeOnLoad (9ms)
				EditorAssembliesLoaded (0ms)
			ExecutionOrderSort2 (0ms)
			AwakeInstancesAfterBackupRestoration (9ms)
Platform modules already initialized, skipping
Refreshing native plugins compatible for Editor in 0.77 ms, found 2 plugins.
Preloading 0 native plugins for Editor in 0.00 ms.
Unloading 1632 Unused Serialized files (Serialized files now loaded: 0)
System memory in use before: 79.5 MB.
System memory in use after: 79.7 MB.

Unloading 14 unused Assets to reduce memory usage. Loaded Objects now: 2149.
Total: 4.127000 ms (FindLiveObjects: 0.261100 ms CreateObjectMapping: 0.078900 ms MarkObjects: 3.762000 ms  DeleteObjects: 0.023000 ms)

AssetImportParameters requested are different than current active one (requested -> active):
  custom:framework-win-MediaFoundation: 216162199b28c13a410421893ffa2e32 -> 
  custom:video-decoder-ogg-theora: a1e56fd34408186e4bbccfd4996cb3dc -> 
  custom:container-muxer-webm: aa71ff27fc2769a1b78a27578f13a17b -> 
  custom:container-demuxer-webm: 4f35f7cbe854078d1ac9338744f61a02 -> 
  custom:container-demuxer-ogg: 62fdf1f143b41e24485cea50d1cbac27 -> 
  custom:video-encoder-webm-vp8: eb34c28f22e8b96e1ab97ce403110664 -> 
  custom:video-decoder-webm-vp8: 9c59270c3fd7afecdb556c50c9e8de78 -> 
  custom:audio-decoder-ogg-vorbis: bf7c407c2cedff20999df2af8eb42d56 -> 
  custom:audio-encoder-webm-vorbis: bf7c407c2cedff20999df2af8eb42d56 -> 
========================================================================
Received Import Request.
  Time since last request: 63.167384 seconds.
  path: Assets/Models/body_snake.prefab
  artifactKey: Guid(196b4dbe2cf889940b8611b327a01c1f) Importer(815301076,1909f56bfc062723c751e8b465ee728b)
Start importing Assets/Models/body_snake.prefab using Guid(196b4dbe2cf889940b8611b327a01c1f) Importer(815301076,1909f56bfc062723c751e8b465ee728b)  -> (artifact id: '678c6c163eb31f551f9a3cf02fb4e474') in 0.100946 seconds 
  Import took 0.122684 seconds .

========================================================================
Received Import Request.
  Time since last request: 3.932172 seconds.
  path: Assets/Models/body_snake.prefab
  artifactKey: Guid(196b4dbe2cf889940b8611b327a01c1f) Importer(815301076,1909f56bfc062723c751e8b465ee728b)
Start importing Assets/Models/body_snake.prefab using Guid(196b4dbe2cf889940b8611b327a01c1f) Importer(815301076,1909f56bfc062723c751e8b465ee728b)  -> (artifact id: 'dd7a9cbb7b44f3a51d826335efefe505') in 0.009632 seconds 
  Import took 0.013313 seconds .

========================================================================
Received Import Request.
  Time since last request: 1.612418 seconds.
  path: Assets/Models/body_snake.prefab
  artifactKey: Guid(196b4dbe2cf889940b8611b327a01c1f) Importer(815301076,1909f56bfc062723c751e8b465ee728b)
Start importing Assets/Models/body_snake.prefab using Guid(196b4dbe2cf889940b8611b327a01c1f) Importer(815301076,1909f56bfc062723c751e8b465ee728b)  -> (artifact id: 'f5b899ac5ca983cfeef9ae15c3e1440a') in 0.008398 seconds 
  Import took 0.011362 seconds .

========================================================================
Received Import Request.
  Time since last request: 0.983529 seconds.
  path: Assets/Models/body_snake.prefab
  artifactKey: Guid(196b4dbe2cf889940b8611b327a01c1f) Importer(815301076,1909f56bfc062723c751e8b465ee728b)
Start importing Assets/Models/body_snake.prefab using Guid(196b4dbe2cf889940b8611b327a01c1f) Importer(815301076,1909f56bfc062723c751e8b465ee728b)  -> (artifact id: '4e809f1db7c5a80e82c3aee56960bc8a') in 0.009106 seconds 
  Import took 0.012259 seconds .

========================================================================
Received Import Request.
  Time since last request: 0.832633 seconds.
  path: Assets/Models/body_snake.prefab
  artifactKey: Guid(196b4dbe2cf889940b8611b327a01c1f) Importer(815301076,1909f56bfc062723c751e8b465ee728b)
Start importing Assets/Models/body_snake.prefab using Guid(196b4dbe2cf889940b8611b327a01c1f) Importer(815301076,1909f56bfc062723c751e8b465ee728b)  -> (artifact id: '0bc8998af2d5961f9dc05a748d4ed9d3') in 0.008178 seconds 
  Import took 0.014180 seconds .

========================================================================
Received Import Request.
  Time since last request: 7.879716 seconds.
  path: Assets/Models/body_snake.prefab
  artifactKey: Guid(196b4dbe2cf889940b8611b327a01c1f) Importer(815301076,1909f56bfc062723c751e8b465ee728b)
Start importing Assets/Models/body_snake.prefab using Guid(196b4dbe2cf889940b8611b327a01c1f) Importer(815301076,1909f56bfc062723c751e8b465ee728b)  -> (artifact id: '1d4689bdbfa2bc472c10fe2ac040ca04') in 0.010104 seconds 
  Import took 0.054071 seconds .

========================================================================
Received Import Request.
  Time since last request: 25.130164 seconds.
  path: Assets/Models/body_snake.prefab
  artifactKey: Guid(196b4dbe2cf889940b8611b327a01c1f) Importer(815301076,1909f56bfc062723c751e8b465ee728b)
Start importing Assets/Models/body_snake.prefab using Guid(196b4dbe2cf889940b8611b327a01c1f) Importer(815301076,1909f56bfc062723c751e8b465ee728b)  -> (artifact id: '032cc5b551d3067d9bf53acf794a21c4') in 0.017332 seconds 
  Import took 0.020405 seconds .

========================================================================
Received Import Request.
  Time since last request: 5.522847 seconds.
  path: Assets/Models/body_snake.prefab
  artifactKey: Guid(196b4dbe2cf889940b8611b327a01c1f) Importer(815301076,1909f56bfc062723c751e8b465ee728b)
Start importing Assets/Models/body_snake.prefab using Guid(196b4dbe2cf889940b8611b327a01c1f) Importer(815301076,1909f56bfc062723c751e8b465ee728b)  -> (artifact id: '626aa528f373d984d28fe4e8fda829f6') in 0.008480 seconds 
  Import took 0.031334 seconds .

========================================================================
Received Import Request.
  Time since last request: 10.028899 seconds.
  path: Assets/Models/body_snake.prefab
  artifactKey: Guid(196b4dbe2cf889940b8611b327a01c1f) Importer(815301076,1909f56bfc062723c751e8b465ee728b)
Start importing Assets/Models/body_snake.prefab using Guid(196b4dbe2cf889940b8611b327a01c1f) Importer(815301076,1909f56bfc062723c751e8b465ee728b)  -> (artifact id: 'a449b1eb6f12c82cb46993e34675c142') in 0.008996 seconds 
  Import took 0.011948 seconds .

========================================================================
Received Import Request.
  Time since last request: 6.540296 seconds.
  path: Assets/Models/body_snake.prefab
  artifactKey: Guid(196b4dbe2cf889940b8611b327a01c1f) Importer(815301076,1909f56bfc062723c751e8b465ee728b)
Start importing Assets/Models/body_snake.prefab using Guid(196b4dbe2cf889940b8611b327a01c1f) Importer(815301076,1909f56bfc062723c751e8b465ee728b)  -> (artifact id: 'f4640b1f37a450de1157ce95f868b10c') in 0.014306 seconds 
  Import took 0.024382 seconds .

========================================================================
Received Import Request.
  Time since last request: 4.206735 seconds.
  path: Assets/Models/body_snake.prefab
  artifactKey: Guid(196b4dbe2cf889940b8611b327a01c1f) Importer(815301076,1909f56bfc062723c751e8b465ee728b)
Start importing Assets/Models/body_snake.prefab using Guid(196b4dbe2cf889940b8611b327a01c1f) Importer(815301076,1909f56bfc062723c751e8b465ee728b)  -> (artifact id: '8f5af5ba2c4afe05060b43d7ce7ac91f') in 0.008519 seconds 
  Import took 0.028995 seconds .

========================================================================
Received Import Request.
  Time since last request: 3.482158 seconds.
  path: Assets/Models/body_snake.prefab
  artifactKey: Guid(196b4dbe2cf889940b8611b327a01c1f) Importer(815301076,1909f56bfc062723c751e8b465ee728b)
Start importing Assets/Models/body_snake.prefab using Guid(196b4dbe2cf889940b8611b327a01c1f) Importer(815301076,1909f56bfc062723c751e8b465ee728b)  -> (artifact id: 'f70ae1ae3f19ca05bf707aef3ae58744') in 0.008996 seconds 
  Import took 0.041896 seconds .

========================================================================
Received Import Request.
  Time since last request: 4.052962 seconds.
  path: Assets/Models/body_snake.prefab
  artifactKey: Guid(196b4dbe2cf889940b8611b327a01c1f) Importer(815301076,1909f56bfc062723c751e8b465ee728b)
Start importing Assets/Models/body_snake.prefab using Guid(196b4dbe2cf889940b8611b327a01c1f) Importer(815301076,1909f56bfc062723c751e8b465ee728b)  -> (artifact id: 'd94a22d31bdba7dffb3c2d5a031c150d') in 0.008968 seconds 
  Import took 0.027170 seconds .

========================================================================
Received Import Request.
  Time since last request: 4.093487 seconds.
  path: Assets/Models/body_snake.prefab
  artifactKey: Guid(196b4dbe2cf889940b8611b327a01c1f) Importer(815301076,1909f56bfc062723c751e8b465ee728b)
Start importing Assets/Models/body_snake.prefab using Guid(196b4dbe2cf889940b8611b327a01c1f) Importer(815301076,1909f56bfc062723c751e8b465ee728b)  -> (artifact id: '9dfcacbf370971e8c10a59da8836c899') in 0.009524 seconds 
  Import took 0.062940 seconds .

========================================================================
Received Prepare
Registering precompiled user dll's ...
Registered in 0.003602 seconds.
Begin MonoManager ReloadAssembly
Native extension for WindowsStandalone target not found
Refreshing native plugins compatible for Editor in 0.54 ms, found 2 plugins.
Preloading 0 native plugins for Editor in 0.00 ms.
Mono: successfully reloaded assembly
- Completed reload, in  1.160 seconds
Domain Reload Profiling:
	ReloadAssembly (1161ms)
		BeginReloadAssembly (130ms)
			ExecutionOrderSort (0ms)
			DisableScriptedObjects (6ms)
			BackupInstance (0ms)
			ReleaseScriptingObjects (0ms)
			CreateAndSetChildDomain (34ms)
		EndReloadAssembly (954ms)
			LoadAssemblies (103ms)
			RebuildTransferFunctionScriptingTraits (0ms)
			SetupTypeCache (311ms)
			ReleaseScriptCaches (1ms)
			RebuildScriptCaches (59ms)
			SetupLoadedEditorAssemblies (365ms)
				LogAssemblyErrors (0ms)
				InitializePlatformSupportModulesInManaged (6ms)
				SetLoadedEditorAssemblies (1ms)
				RefreshPlugins (1ms)
				BeforeProcessingInitializeOnLoad (95ms)
				ProcessInitializeOnLoadAttributes (242ms)
				ProcessInitializeOnLoadMethodAttributes (11ms)
				AfterProcessingInitializeOnLoad (10ms)
				EditorAssembliesLoaded (0ms)
			ExecutionOrderSort2 (0ms)
			AwakeInstancesAfterBackupRestoration (8ms)
Platform modules already initialized, skipping
Refreshing native plugins compatible for Editor in 0.77 ms, found 2 plugins.
Preloading 0 native plugins for Editor in 0.00 ms.
Unloading 1632 Unused Serialized files (Serialized files now loaded: 0)
System memory in use before: 79.6 MB.
System memory in use after: 79.7 MB.

Unloading 14 unused Assets to reduce memory usage. Loaded Objects now: 2152.
Total: 3.677400 ms (FindLiveObjects: 0.218500 ms CreateObjectMapping: 0.044500 ms MarkObjects: 3.390100 ms  DeleteObjects: 0.022700 ms)

AssetImportParameters requested are different than current active one (requested -> active):
  custom:framework-win-MediaFoundation: 216162199b28c13a410421893ffa2e32 -> 
  custom:video-decoder-ogg-theora: a1e56fd34408186e4bbccfd4996cb3dc -> 
  custom:container-muxer-webm: aa71ff27fc2769a1b78a27578f13a17b -> 
  custom:container-demuxer-webm: 4f35f7cbe854078d1ac9338744f61a02 -> 
  custom:container-demuxer-ogg: 62fdf1f143b41e24485cea50d1cbac27 -> 
  custom:video-encoder-webm-vp8: eb34c28f22e8b96e1ab97ce403110664 -> 
  custom:video-decoder-webm-vp8: 9c59270c3fd7afecdb556c50c9e8de78 -> 
  custom:audio-decoder-ogg-vorbis: bf7c407c2cedff20999df2af8eb42d56 -> 
  custom:audio-encoder-webm-vorbis: bf7c407c2cedff20999df2af8eb42d56 -> 
========================================================================
Received Prepare
Registering precompiled user dll's ...
Registered in 0.003510 seconds.
Begin MonoManager ReloadAssembly
Native extension for WindowsStandalone target not found
Refreshing native plugins compatible for Editor in 0.55 ms, found 2 plugins.
Preloading 0 native plugins for Editor in 0.00 ms.
Mono: successfully reloaded assembly
- Completed reload, in  1.215 seconds
Domain Reload Profiling:
	ReloadAssembly (1215ms)
		BeginReloadAssembly (134ms)
			ExecutionOrderSort (0ms)
			DisableScriptedObjects (6ms)
			BackupInstance (0ms)
			ReleaseScriptingObjects (0ms)
			CreateAndSetChildDomain (33ms)
		EndReloadAssembly (991ms)
			LoadAssemblies (102ms)
			RebuildTransferFunctionScriptingTraits (0ms)
			SetupTypeCache (326ms)
			ReleaseScriptCaches (1ms)
			RebuildScriptCaches (61ms)
			SetupLoadedEditorAssemblies (382ms)
				LogAssemblyErrors (0ms)
				InitializePlatformSupportModulesInManaged (6ms)
				SetLoadedEditorAssemblies (1ms)
				RefreshPlugins (1ms)
				BeforeProcessingInitializeOnLoad (99ms)
				ProcessInitializeOnLoadAttributes (256ms)
				ProcessInitializeOnLoadMethodAttributes (10ms)
				AfterProcessingInitializeOnLoad (10ms)
				EditorAssembliesLoaded (0ms)
			ExecutionOrderSort2 (0ms)
			AwakeInstancesAfterBackupRestoration (9ms)
Platform modules already initialized, skipping
Refreshing native plugins compatible for Editor in 0.88 ms, found 2 plugins.
Preloading 0 native plugins for Editor in 0.00 ms.
Unloading 1632 Unused Serialized files (Serialized files now loaded: 0)
System memory in use before: 79.6 MB.
System memory in use after: 79.7 MB.

Unloading 14 unused Assets to reduce memory usage. Loaded Objects now: 2154.
Total: 4.615800 ms (FindLiveObjects: 0.285500 ms CreateObjectMapping: 0.084400 ms MarkObjects: 4.222700 ms  DeleteObjects: 0.021400 ms)

AssetImportParameters requested are different than current active one (requested -> active):
  custom:framework-win-MediaFoundation: 216162199b28c13a410421893ffa2e32 -> 
  custom:video-decoder-ogg-theora: a1e56fd34408186e4bbccfd4996cb3dc -> 
  custom:container-muxer-webm: aa71ff27fc2769a1b78a27578f13a17b -> 
  custom:container-demuxer-webm: 4f35f7cbe854078d1ac9338744f61a02 -> 
  custom:container-demuxer-ogg: 62fdf1f143b41e24485cea50d1cbac27 -> 
  custom:video-encoder-webm-vp8: eb34c28f22e8b96e1ab97ce403110664 -> 
  custom:video-decoder-webm-vp8: 9c59270c3fd7afecdb556c50c9e8de78 -> 
  custom:audio-decoder-ogg-vorbis: bf7c407c2cedff20999df2af8eb42d56 -> 
  custom:audio-encoder-webm-vorbis: bf7c407c2cedff20999df2af8eb42d56 -> 
========================================================================
Received Import Request.
  Time since last request: 109.544559 seconds.
  path: Assets/Models/body_snake.prefab
  artifactKey: Guid(196b4dbe2cf889940b8611b327a01c1f) Importer(815301076,1909f56bfc062723c751e8b465ee728b)
Start importing Assets/Models/body_snake.prefab using Guid(196b4dbe2cf889940b8611b327a01c1f) Importer(815301076,1909f56bfc062723c751e8b465ee728b)  -> (artifact id: 'f25dbb36b8b78a26c0885c9a1626e01c') in 0.090267 seconds 
  Import took 0.106494 seconds .

========================================================================
Received Prepare
Registering precompiled user dll's ...
Registered in 0.003942 seconds.
Begin MonoManager ReloadAssembly
Native extension for WindowsStandalone target not found
Refreshing native plugins compatible for Editor in 0.62 ms, found 2 plugins.
Preloading 0 native plugins for Editor in 0.00 ms.
Mono: successfully reloaded assembly
- Completed reload, in  1.185 seconds
Domain Reload Profiling:
	ReloadAssembly (1185ms)
		BeginReloadAssembly (141ms)
			ExecutionOrderSort (0ms)
			DisableScriptedObjects (6ms)
			BackupInstance (0ms)
			ReleaseScriptingObjects (0ms)
			CreateAndSetChildDomain (38ms)
		EndReloadAssembly (966ms)
			LoadAssemblies (104ms)
			RebuildTransferFunctionScriptingTraits (0ms)
			SetupTypeCache (318ms)
			ReleaseScriptCaches (1ms)
			RebuildScriptCaches (57ms)
			SetupLoadedEditorAssemblies (371ms)
				LogAssemblyErrors (0ms)
				InitializePlatformSupportModulesInManaged (7ms)
				SetLoadedEditorAssemblies (1ms)
				RefreshPlugins (1ms)
				BeforeProcessingInitializeOnLoad (98ms)
				ProcessInitializeOnLoadAttributes (244ms)
				ProcessInitializeOnLoadMethodAttributes (10ms)
				AfterProcessingInitializeOnLoad (10ms)
				EditorAssembliesLoaded (0ms)
			ExecutionOrderSort2 (0ms)
			AwakeInstancesAfterBackupRestoration (8ms)
Platform modules already initialized, skipping
Refreshing native plugins compatible for Editor in 0.81 ms, found 2 plugins.
Preloading 0 native plugins for Editor in 0.00 ms.
Unloading 1632 Unused Serialized files (Serialized files now loaded: 0)
System memory in use before: 79.6 MB.
System memory in use after: 79.7 MB.

Unloading 14 unused Assets to reduce memory usage. Loaded Objects now: 2157.
Total: 5.022700 ms (FindLiveObjects: 0.241900 ms CreateObjectMapping: 0.069200 ms MarkObjects: 4.683000 ms  DeleteObjects: 0.026300 ms)

AssetImportParameters requested are different than current active one (requested -> active):
  custom:framework-win-MediaFoundation: 216162199b28c13a410421893ffa2e32 -> 
  custom:video-decoder-ogg-theora: a1e56fd34408186e4bbccfd4996cb3dc -> 
  custom:container-muxer-webm: aa71ff27fc2769a1b78a27578f13a17b -> 
  custom:container-demuxer-webm: 4f35f7cbe854078d1ac9338744f61a02 -> 
  custom:container-demuxer-ogg: 62fdf1f143b41e24485cea50d1cbac27 -> 
  custom:video-encoder-webm-vp8: eb34c28f22e8b96e1ab97ce403110664 -> 
  custom:video-decoder-webm-vp8: 9c59270c3fd7afecdb556c50c9e8de78 -> 
  custom:audio-decoder-ogg-vorbis: bf7c407c2cedff20999df2af8eb42d56 -> 
  custom:audio-encoder-webm-vorbis: bf7c407c2cedff20999df2af8eb42d56 -> 
========================================================================
Received Prepare
Registering precompiled user dll's ...
Registered in 0.003522 seconds.
Begin MonoManager ReloadAssembly
Native extension for WindowsStandalone target not found
Refreshing native plugins compatible for Editor in 0.88 ms, found 2 plugins.
Preloading 0 native plugins for Editor in 0.00 ms.
Mono: successfully reloaded assembly
- Completed reload, in  1.182 seconds
Domain Reload Profiling:
	ReloadAssembly (1182ms)
		BeginReloadAssembly (127ms)
			ExecutionOrderSort (0ms)
			DisableScriptedObjects (6ms)
			BackupInstance (0ms)
			ReleaseScriptingObjects (0ms)
			CreateAndSetChildDomain (35ms)
		EndReloadAssembly (977ms)
			LoadAssemblies (100ms)
			RebuildTransferFunctionScriptingTraits (0ms)
			SetupTypeCache (318ms)
			ReleaseScriptCaches (1ms)
			RebuildScriptCaches (59ms)
			SetupLoadedEditorAssemblies (377ms)
				LogAssemblyErrors (0ms)
				InitializePlatformSupportModulesInManaged (8ms)
				SetLoadedEditorAssemblies (1ms)
				RefreshPlugins (1ms)
				BeforeProcessingInitializeOnLoad (95ms)
				ProcessInitializeOnLoadAttributes (252ms)
				ProcessInitializeOnLoadMethodAttributes (10ms)
				AfterProcessingInitializeOnLoad (10ms)
				EditorAssembliesLoaded (0ms)
			ExecutionOrderSort2 (0ms)
			AwakeInstancesAfterBackupRestoration (8ms)
Platform modules already initialized, skipping
Refreshing native plugins compatible for Editor in 0.94 ms, found 2 plugins.
Preloading 0 native plugins for Editor in 0.00 ms.
Unloading 1632 Unused Serialized files (Serialized files now loaded: 0)
System memory in use before: 79.6 MB.
System memory in use after: 79.7 MB.

Unloading 14 unused Assets to reduce memory usage. Loaded Objects now: 2159.
Total: 3.853800 ms (FindLiveObjects: 0.297500 ms CreateObjectMapping: 0.072400 ms MarkObjects: 3.459000 ms  DeleteObjects: 0.023400 ms)

AssetImportParameters requested are different than current active one (requested -> active):
  custom:framework-win-MediaFoundation: 216162199b28c13a410421893ffa2e32 -> 
  custom:video-decoder-ogg-theora: a1e56fd34408186e4bbccfd4996cb3dc -> 
  custom:container-muxer-webm: aa71ff27fc2769a1b78a27578f13a17b -> 
  custom:container-demuxer-webm: 4f35f7cbe854078d1ac9338744f61a02 -> 
  custom:container-demuxer-ogg: 62fdf1f143b41e24485cea50d1cbac27 -> 
  custom:video-encoder-webm-vp8: eb34c28f22e8b96e1ab97ce403110664 -> 
  custom:video-decoder-webm-vp8: 9c59270c3fd7afecdb556c50c9e8de78 -> 
  custom:audio-decoder-ogg-vorbis: bf7c407c2cedff20999df2af8eb42d56 -> 
  custom:audio-encoder-webm-vorbis: bf7c407c2cedff20999df2af8eb42d56 -> 
========================================================================
Received Prepare
Registering precompiled user dll's ...
Registered in 0.003945 seconds.
Begin MonoManager ReloadAssembly
Native extension for WindowsStandalone target not found
Refreshing native plugins compatible for Editor in 0.54 ms, found 2 plugins.
Preloading 0 native plugins for Editor in 0.00 ms.
Mono: successfully reloaded assembly
- Completed reload, in  1.212 seconds
Domain Reload Profiling:
	ReloadAssembly (1212ms)
		BeginReloadAssembly (122ms)
			ExecutionOrderSort (0ms)
			DisableScriptedObjects (6ms)
			BackupInstance (0ms)
			ReleaseScriptingObjects (0ms)
			CreateAndSetChildDomain (34ms)
		EndReloadAssembly (1009ms)
			LoadAssemblies (107ms)
			RebuildTransferFunctionScriptingTraits (0ms)
			SetupTypeCache (330ms)
			ReleaseScriptCaches (1ms)
			RebuildScriptCaches (62ms)
			SetupLoadedEditorAssemblies (387ms)
				LogAssemblyErrors (0ms)
				InitializePlatformSupportModulesInManaged (6ms)
				SetLoadedEditorAssemblies (1ms)
				RefreshPlugins (1ms)
				BeforeProcessingInitializeOnLoad (99ms)
				ProcessInitializeOnLoadAttributes (259ms)
				ProcessInitializeOnLoadMethodAttributes (11ms)
				AfterProcessingInitializeOnLoad (10ms)
				EditorAssembliesLoaded (0ms)
			ExecutionOrderSort2 (0ms)
			AwakeInstancesAfterBackupRestoration (9ms)
Platform modules already initialized, skipping
Refreshing native plugins compatible for Editor in 1.34 ms, found 2 plugins.
Preloading 0 native plugins for Editor in 0.00 ms.
Unloading 1632 Unused Serialized files (Serialized files now loaded: 0)
System memory in use before: 79.6 MB.
System memory in use after: 79.7 MB.

Unloading 14 unused Assets to reduce memory usage. Loaded Objects now: 2161.
Total: 5.234900 ms (FindLiveObjects: 0.307600 ms CreateObjectMapping: 0.068700 ms MarkObjects: 4.829900 ms  DeleteObjects: 0.027100 ms)

AssetImportParameters requested are different than current active one (requested -> active):
  custom:framework-win-MediaFoundation: 216162199b28c13a410421893ffa2e32 -> 
  custom:video-decoder-ogg-theora: a1e56fd34408186e4bbccfd4996cb3dc -> 
  custom:container-muxer-webm: aa71ff27fc2769a1b78a27578f13a17b -> 
  custom:container-demuxer-webm: 4f35f7cbe854078d1ac9338744f61a02 -> 
  custom:container-demuxer-ogg: 62fdf1f143b41e24485cea50d1cbac27 -> 
  custom:video-encoder-webm-vp8: eb34c28f22e8b96e1ab97ce403110664 -> 
  custom:video-decoder-webm-vp8: 9c59270c3fd7afecdb556c50c9e8de78 -> 
  custom:audio-decoder-ogg-vorbis: bf7c407c2cedff20999df2af8eb42d56 -> 
  custom:audio-encoder-webm-vorbis: bf7c407c2cedff20999df2af8eb42d56 -> 
========================================================================
Received Import Request.
  Time since last request: 1421.174045 seconds.
  path: Assets/Models/body_snake.prefab
  artifactKey: Guid(196b4dbe2cf889940b8611b327a01c1f) Importer(815301076,1909f56bfc062723c751e8b465ee728b)
Start importing Assets/Models/body_snake.prefab using Guid(196b4dbe2cf889940b8611b327a01c1f) Importer(815301076,1909f56bfc062723c751e8b465ee728b)  -> (artifact id: '84f23f9aab0811427a694a5f1b839c38') in 0.099845 seconds 
  Import took 0.115688 seconds .

========================================================================
Received Prepare
Registering precompiled user dll's ...
Registered in 0.003638 seconds.
Begin MonoManager ReloadAssembly
Native extension for WindowsStandalone target not found
Refreshing native plugins compatible for Editor in 0.51 ms, found 2 plugins.
Preloading 0 native plugins for Editor in 0.00 ms.
Mono: successfully reloaded assembly
- Completed reload, in  1.148 seconds
Domain Reload Profiling:
	ReloadAssembly (1149ms)
		BeginReloadAssembly (124ms)
			ExecutionOrderSort (0ms)
			DisableScriptedObjects (7ms)
			BackupInstance (0ms)
			ReleaseScriptingObjects (0ms)
			CreateAndSetChildDomain (34ms)
		EndReloadAssembly (947ms)
			LoadAssemblies (101ms)
			RebuildTransferFunctionScriptingTraits (0ms)
			SetupTypeCache (311ms)
			ReleaseScriptCaches (1ms)
			RebuildScriptCaches (58ms)
			SetupLoadedEditorAssemblies (363ms)
				LogAssemblyErrors (0ms)
				InitializePlatformSupportModulesInManaged (6ms)
				SetLoadedEditorAssemblies (1ms)
				RefreshPlugins (1ms)
				BeforeProcessingInitializeOnLoad (94ms)
				ProcessInitializeOnLoadAttributes (242ms)
				ProcessInitializeOnLoadMethodAttributes (10ms)
				AfterProcessingInitializeOnLoad (9ms)
				EditorAssembliesLoaded (0ms)
			ExecutionOrderSort2 (0ms)
			AwakeInstancesAfterBackupRestoration (8ms)
Platform modules already initialized, skipping
Refreshing native plugins compatible for Editor in 0.83 ms, found 2 plugins.
Preloading 0 native plugins for Editor in 0.00 ms.
Unloading 1632 Unused Serialized files (Serialized files now loaded: 0)
System memory in use before: 79.6 MB.
System memory in use after: 79.7 MB.

Unloading 14 unused Assets to reduce memory usage. Loaded Objects now: 2164.
Total: 5.028200 ms (FindLiveObjects: 0.292100 ms CreateObjectMapping: 0.071900 ms MarkObjects: 4.638400 ms  DeleteObjects: 0.024200 ms)

AssetImportParameters requested are different than current active one (requested -> active):
  custom:framework-win-MediaFoundation: 216162199b28c13a410421893ffa2e32 -> 
  custom:video-decoder-ogg-theora: a1e56fd34408186e4bbccfd4996cb3dc -> 
  custom:container-muxer-webm: aa71ff27fc2769a1b78a27578f13a17b -> 
  custom:container-demuxer-webm: 4f35f7cbe854078d1ac9338744f61a02 -> 
  custom:container-demuxer-ogg: 62fdf1f143b41e24485cea50d1cbac27 -> 
  custom:video-encoder-webm-vp8: eb34c28f22e8b96e1ab97ce403110664 -> 
  custom:video-decoder-webm-vp8: 9c59270c3fd7afecdb556c50c9e8de78 -> 
  custom:audio-decoder-ogg-vorbis: bf7c407c2cedff20999df2af8eb42d56 -> 
  custom:audio-encoder-webm-vorbis: bf7c407c2cedff20999df2af8eb42d56 -> 
========================================================================
Received Import Request.
  Time since last request: 168.688022 seconds.
  path: Assets/Models/body_snake.prefab
  artifactKey: Guid(196b4dbe2cf889940b8611b327a01c1f) Importer(815301076,1909f56bfc062723c751e8b465ee728b)
Start importing Assets/Models/body_snake.prefab using Guid(196b4dbe2cf889940b8611b327a01c1f) Importer(815301076,1909f56bfc062723c751e8b465ee728b)  -> (artifact id: '067a8e85a2469e8857ff3b07881e2884') in 0.066401 seconds 
  Import took 0.123891 seconds .

========================================================================
Received Prepare
Registering precompiled user dll's ...
Registered in 0.003517 seconds.
Begin MonoManager ReloadAssembly
Native extension for WindowsStandalone target not found
Refreshing native plugins compatible for Editor in 0.54 ms, found 2 plugins.
Preloading 0 native plugins for Editor in 0.00 ms.
Mono: successfully reloaded assembly
- Completed reload, in  1.226 seconds
Domain Reload Profiling:
	ReloadAssembly (1227ms)
		BeginReloadAssembly (141ms)
			ExecutionOrderSort (0ms)
			DisableScriptedObjects (6ms)
			BackupInstance (0ms)
			ReleaseScriptingObjects (0ms)
			CreateAndSetChildDomain (40ms)
		EndReloadAssembly (1001ms)
			LoadAssemblies (105ms)
			RebuildTransferFunctionScriptingTraits (0ms)
			SetupTypeCache (335ms)
			ReleaseScriptCaches (1ms)
			RebuildScriptCaches (62ms)
			SetupLoadedEditorAssemblies (382ms)
				LogAssemblyErrors (0ms)
				InitializePlatformSupportModulesInManaged (7ms)
				SetLoadedEditorAssemblies (1ms)
				RefreshPlugins (1ms)
				BeforeProcessingInitializeOnLoad (99ms)
				ProcessInitializeOnLoadAttributes (253ms)
				ProcessInitializeOnLoadMethodAttributes (11ms)
				AfterProcessingInitializeOnLoad (10ms)
				EditorAssembliesLoaded (0ms)
			ExecutionOrderSort2 (0ms)
			AwakeInstancesAfterBackupRestoration (8ms)
Platform modules already initialized, skipping
Refreshing native plugins compatible for Editor in 0.77 ms, found 2 plugins.
Preloading 0 native plugins for Editor in 0.00 ms.
Unloading 1632 Unused Serialized files (Serialized files now loaded: 0)
System memory in use before: 79.6 MB.
System memory in use after: 79.7 MB.

Unloading 14 unused Assets to reduce memory usage. Loaded Objects now: 2167.
Total: 4.642200 ms (FindLiveObjects: 0.267900 ms CreateObjectMapping: 0.065600 ms MarkObjects: 4.282300 ms  DeleteObjects: 0.024200 ms)

AssetImportParameters requested are different than current active one (requested -> active):
  custom:framework-win-MediaFoundation: 216162199b28c13a410421893ffa2e32 -> 
  custom:video-decoder-ogg-theora: a1e56fd34408186e4bbccfd4996cb3dc -> 
  custom:container-muxer-webm: aa71ff27fc2769a1b78a27578f13a17b -> 
  custom:container-demuxer-webm: 4f35f7cbe854078d1ac9338744f61a02 -> 
  custom:container-demuxer-ogg: 62fdf1f143b41e24485cea50d1cbac27 -> 
  custom:video-encoder-webm-vp8: eb34c28f22e8b96e1ab97ce403110664 -> 
  custom:video-decoder-webm-vp8: 9c59270c3fd7afecdb556c50c9e8de78 -> 
  custom:audio-decoder-ogg-vorbis: bf7c407c2cedff20999df2af8eb42d56 -> 
  custom:audio-encoder-webm-vorbis: bf7c407c2cedff20999df2af8eb42d56 -> 
========================================================================
Received Prepare
Registering precompiled user dll's ...
Registered in 0.003510 seconds.
Begin MonoManager ReloadAssembly
Native extension for WindowsStandalone target not found
Refreshing native plugins compatible for Editor in 0.54 ms, found 2 plugins.
Preloading 0 native plugins for Editor in 0.00 ms.
Mono: successfully reloaded assembly
- Completed reload, in  1.171 seconds
Domain Reload Profiling:
	ReloadAssembly (1172ms)
		BeginReloadAssembly (119ms)
			ExecutionOrderSort (0ms)
			DisableScriptedObjects (6ms)
			BackupInstance (0ms)
			ReleaseScriptingObjects (0ms)
			CreateAndSetChildDomain (35ms)
		EndReloadAssembly (971ms)
			LoadAssemblies (102ms)
			RebuildTransferFunctionScriptingTraits (0ms)
			SetupTypeCache (314ms)
			ReleaseScriptCaches (1ms)
			RebuildScriptCaches (61ms)
			SetupLoadedEditorAssemblies (372ms)
				LogAssemblyErrors (0ms)
				InitializePlatformSupportModulesInManaged (6ms)
				SetLoadedEditorAssemblies (1ms)
				RefreshPlugins (1ms)
				BeforeProcessingInitializeOnLoad (97ms)
				ProcessInitializeOnLoadAttributes (248ms)
				ProcessInitializeOnLoadMethodAttributes (10ms)
				AfterProcessingInitializeOnLoad (9ms)
				EditorAssembliesLoaded (0ms)
			ExecutionOrderSort2 (0ms)
			AwakeInstancesAfterBackupRestoration (9ms)
Platform modules already initialized, skipping
Refreshing native plugins compatible for Editor in 0.79 ms, found 2 plugins.
Preloading 0 native plugins for Editor in 0.00 ms.
Unloading 1632 Unused Serialized files (Serialized files now loaded: 0)
System memory in use before: 79.6 MB.
System memory in use after: 79.8 MB.

Unloading 14 unused Assets to reduce memory usage. Loaded Objects now: 2169.
Total: 4.381000 ms (FindLiveObjects: 0.244100 ms CreateObjectMapping: 0.064500 ms MarkObjects: 4.046900 ms  DeleteObjects: 0.023800 ms)

AssetImportParameters requested are different than current active one (requested -> active):
  custom:framework-win-MediaFoundation: 216162199b28c13a410421893ffa2e32 -> 
  custom:video-decoder-ogg-theora: a1e56fd34408186e4bbccfd4996cb3dc -> 
  custom:container-muxer-webm: aa71ff27fc2769a1b78a27578f13a17b -> 
  custom:container-demuxer-webm: 4f35f7cbe854078d1ac9338744f61a02 -> 
  custom:container-demuxer-ogg: 62fdf1f143b41e24485cea50d1cbac27 -> 
  custom:video-encoder-webm-vp8: eb34c28f22e8b96e1ab97ce403110664 -> 
  custom:video-decoder-webm-vp8: 9c59270c3fd7afecdb556c50c9e8de78 -> 
  custom:audio-decoder-ogg-vorbis: bf7c407c2cedff20999df2af8eb42d56 -> 
  custom:audio-encoder-webm-vorbis: bf7c407c2cedff20999df2af8eb42d56 -> 
========================================================================
Received Prepare
Registering precompiled user dll's ...
Registered in 0.004413 seconds.
Begin MonoManager ReloadAssembly
Native extension for WindowsStandalone target not found
Refreshing native plugins compatible for Editor in 0.54 ms, found 2 plugins.
Preloading 0 native plugins for Editor in 0.00 ms.
Mono: successfully reloaded assembly
- Completed reload, in  1.166 seconds
Domain Reload Profiling:
	ReloadAssembly (1166ms)
		BeginReloadAssembly (132ms)
			ExecutionOrderSort (0ms)
			DisableScriptedObjects (6ms)
			BackupInstance (0ms)
			ReleaseScriptingObjects (0ms)
			CreateAndSetChildDomain (31ms)
		EndReloadAssembly (956ms)
			LoadAssemblies (99ms)
			RebuildTransferFunctionScriptingTraits (0ms)
			SetupTypeCache (318ms)
			ReleaseScriptCaches (1ms)
			RebuildScriptCaches (58ms)
			SetupLoadedEditorAssemblies (365ms)
				LogAssemblyErrors (0ms)
				InitializePlatformSupportModulesInManaged (6ms)
				SetLoadedEditorAssemblies (1ms)
				RefreshPlugins (1ms)
				BeforeProcessingInitializeOnLoad (93ms)
				ProcessInitializeOnLoadAttributes (245ms)
				ProcessInitializeOnLoadMethodAttributes (10ms)
				AfterProcessingInitializeOnLoad (10ms)
				EditorAssembliesLoaded (0ms)
			ExecutionOrderSort2 (0ms)
			AwakeInstancesAfterBackupRestoration (8ms)
Platform modules already initialized, skipping
Refreshing native plugins compatible for Editor in 0.85 ms, found 2 plugins.
Preloading 0 native plugins for Editor in 0.00 ms.
Unloading 1632 Unused Serialized files (Serialized files now loaded: 0)
System memory in use before: 79.6 MB.
System memory in use after: 79.8 MB.

Unloading 14 unused Assets to reduce memory usage. Loaded Objects now: 2171.
Total: 4.221400 ms (FindLiveObjects: 0.240600 ms CreateObjectMapping: 0.056500 ms MarkObjects: 3.896900 ms  DeleteObjects: 0.026100 ms)

AssetImportParameters requested are different than current active one (requested -> active):
  custom:framework-win-MediaFoundation: 216162199b28c13a410421893ffa2e32 -> 
  custom:video-decoder-ogg-theora: a1e56fd34408186e4bbccfd4996cb3dc -> 
  custom:container-muxer-webm: aa71ff27fc2769a1b78a27578f13a17b -> 
  custom:container-demuxer-webm: 4f35f7cbe854078d1ac9338744f61a02 -> 
  custom:container-demuxer-ogg: 62fdf1f143b41e24485cea50d1cbac27 -> 
  custom:video-encoder-webm-vp8: eb34c28f22e8b96e1ab97ce403110664 -> 
  custom:video-decoder-webm-vp8: 9c59270c3fd7afecdb556c50c9e8de78 -> 
  custom:audio-decoder-ogg-vorbis: bf7c407c2cedff20999df2af8eb42d56 -> 
  custom:audio-encoder-webm-vorbis: bf7c407c2cedff20999df2af8eb42d56 -> 
========================================================================
Received Import Request.
  Time since last request: 396.229852 seconds.
  path: Assets/Scenes/game.unity
  artifactKey: Guid(815799c6842039149ba0834eef42448e) Importer(815301076,1909f56bfc062723c751e8b465ee728b)
Start importing Assets/Scenes/game.unity using Guid(815799c6842039149ba0834eef42448e) Importer(815301076,1909f56bfc062723c751e8b465ee728b)  -> (artifact id: '3010b7b8e730961ca96ad7dcde9b6f8c') in 0.040939 seconds 
  Import took 0.059630 seconds .

========================================================================
Received Prepare
Registering precompiled user dll's ...
Registered in 0.003805 seconds.
Begin MonoManager ReloadAssembly
Native extension for WindowsStandalone target not found
Refreshing native plugins compatible for Editor in 0.52 ms, found 2 plugins.
Preloading 0 native plugins for Editor in 0.00 ms.
Mono: successfully reloaded assembly
- Completed reload, in  1.247 seconds
Domain Reload Profiling:
	ReloadAssembly (1247ms)
		BeginReloadAssembly (154ms)
			ExecutionOrderSort (0ms)
			DisableScriptedObjects (8ms)
			BackupInstance (0ms)
			ReleaseScriptingObjects (0ms)
			CreateAndSetChildDomain (48ms)
		EndReloadAssembly (1012ms)
			LoadAssemblies (115ms)
			RebuildTransferFunctionScriptingTraits (0ms)
			SetupTypeCache (340ms)
			ReleaseScriptCaches (1ms)
			RebuildScriptCaches (61ms)
			SetupLoadedEditorAssemblies (381ms)
				LogAssemblyErrors (0ms)
				InitializePlatformSupportModulesInManaged (6ms)
				SetLoadedEditorAssemblies (1ms)
				RefreshPlugins (1ms)
				BeforeProcessingInitializeOnLoad (95ms)
				ProcessInitializeOnLoadAttributes (259ms)
				ProcessInitializeOnLoadMethodAttributes (11ms)
				AfterProcessingInitializeOnLoad (10ms)
				EditorAssembliesLoaded (0ms)
			ExecutionOrderSort2 (0ms)
			AwakeInstancesAfterBackupRestoration (9ms)
Platform modules already initialized, skipping
Refreshing native plugins compatible for Editor in 0.99 ms, found 2 plugins.
Preloading 0 native plugins for Editor in 0.00 ms.
Unloading 1632 Unused Serialized files (Serialized files now loaded: 0)
System memory in use before: 79.7 MB.
System memory in use after: 79.8 MB.

Unloading 14 unused Assets to reduce memory usage. Loaded Objects now: 2173.
Total: 5.303200 ms (FindLiveObjects: 0.315400 ms CreateObjectMapping: 0.078700 ms MarkObjects: 4.852500 ms  DeleteObjects: 0.054600 ms)

AssetImportParameters requested are different than current active one (requested -> active):
  custom:framework-win-MediaFoundation: 216162199b28c13a410421893ffa2e32 -> 
  custom:video-decoder-ogg-theora: a1e56fd34408186e4bbccfd4996cb3dc -> 
  custom:container-muxer-webm: aa71ff27fc2769a1b78a27578f13a17b -> 
  custom:container-demuxer-webm: 4f35f7cbe854078d1ac9338744f61a02 -> 
  custom:container-demuxer-ogg: 62fdf1f143b41e24485cea50d1cbac27 -> 
  custom:video-encoder-webm-vp8: eb34c28f22e8b96e1ab97ce403110664 -> 
  custom:video-decoder-webm-vp8: 9c59270c3fd7afecdb556c50c9e8de78 -> 
  custom:audio-decoder-ogg-vorbis: bf7c407c2cedff20999df2af8eb42d56 -> 
  custom:audio-encoder-webm-vorbis: bf7c407c2cedff20999df2af8eb42d56 -> 
========================================================================
Received Import Request.
  Time since last request: 1227.654557 seconds.
  path: Assets/Scenes/Menu.unity
  artifactKey: Guid(595fa2dac86623e4a84a2330b27c3933) Importer(815301076,1909f56bfc062723c751e8b465ee728b)
Start importing Assets/Scenes/Menu.unity using Guid(595fa2dac86623e4a84a2330b27c3933) Importer(815301076,1909f56bfc062723c751e8b465ee728b)  -> (artifact id: '21101fe421dcb86746279088beba25ef') in 0.024525 seconds 
  Import took 0.074378 seconds .

========================================================================
Received Import Request.
  Time since last request: 19.250324 seconds.
  path: Assets/Materials/New Material 6.mat
  artifactKey: Guid(21dcd78be2b0d7d41b8b557894c57d37) Importer(815301076,1909f56bfc062723c751e8b465ee728b)
Start importing Assets/Materials/New Material 6.mat using Guid(21dcd78be2b0d7d41b8b557894c57d37) Importer(815301076,1909f56bfc062723c751e8b465ee728b)  -> (artifact id: '243de66f9da2678e7e8bffeba92d86d4') in 0.074216 seconds 
  Import took 0.093435 seconds .

========================================================================
Received Import Request.
  Time since last request: 0.022573 seconds.
  path: Assets/Scripts/tailController.cs
  artifactKey: Guid(6e83373f230ccae4eba451eda36a853e) Importer(815301076,1909f56bfc062723c751e8b465ee728b)
Start importing Assets/Scripts/tailController.cs using Guid(6e83373f230ccae4eba451eda36a853e) Importer(815301076,1909f56bfc062723c751e8b465ee728b)  -> (artifact id: '63d039d42369e73eb5aef92d4cf74699') in 0.045302 seconds 
  Import took 0.048365 seconds .

========================================================================
Received Import Request.
  Time since last request: 0.050432 seconds.
  path: Assets/Lightning/New Lighting Settings.lighting
  artifactKey: Guid(e6f16e66cde8adb418da9eb8a53ce141) Importer(815301076,1909f56bfc062723c751e8b465ee728b)
Start importing Assets/Lightning/New Lighting Settings.lighting using Guid(e6f16e66cde8adb418da9eb8a53ce141) Importer(815301076,1909f56bfc062723c751e8b465ee728b) LightingSettings: switching bake backend from 1 to 2.
 -> (artifact id: '19f9eec71dcaee7ea19f7e362815f6a1') in 0.008041 seconds 
  Import took 0.011015 seconds .

========================================================================
Received Import Request.
  Time since last request: 0.256891 seconds.
  path: Assets/Scenes/game/ReflectionProbe-0.exr
  artifactKey: Guid(ad2d83d7735e26d4e9cad685ecf097ca) Importer(815301076,1909f56bfc062723c751e8b465ee728b)
Start importing Assets/Scenes/game/ReflectionProbe-0.exr using Guid(ad2d83d7735e26d4e9cad685ecf097ca) Importer(815301076,1909f56bfc062723c751e8b465ee728b)  -> (artifact id: '4efde010521ff74ec95f44dfaf8ac1d4') in 0.042579 seconds 
  Import took 0.046040 seconds .

========================================================================
Received Import Request.
  Time since last request: 0.018374 seconds.
  path: Assets/Scripts/moveSnake.cs
  artifactKey: Guid(a4c734903efc89141af54f7de84eb875) Importer(815301076,1909f56bfc062723c751e8b465ee728b)
Start importing Assets/Scripts/moveSnake.cs using Guid(a4c734903efc89141af54f7de84eb875) Importer(815301076,1909f56bfc062723c751e8b465ee728b)  -> (artifact id: '12d5228a156b26e7aa173260934d0ba8') in 0.005959 seconds 
  Import took 0.031660 seconds .

========================================================================
Received Import Request.
  Time since last request: 0.170152 seconds.
  path: Assets/Scenes/game/LightingData.asset
  artifactKey: Guid(75bab4a2e34b0e34e90578b00891cbe2) Importer(815301076,1909f56bfc062723c751e8b465ee728b)
Start importing Assets/Scenes/game/LightingData.asset using Guid(75bab4a2e34b0e34e90578b00891cbe2) Importer(815301076,1909f56bfc062723c751e8b465ee728b)  -> (artifact id: '4ee7b8a34210c9b89b95941b305d482a') in 0.027277 seconds 
  Import took 0.030854 seconds .

AssetImportWorkerClient::OnTransportError - code=2 error=End of file
